[2020-12-19T17:15:25.458Z] info Service running on port 9100
[2020-12-19T17:15:25.535Z] info Connection to redis OK
[2020-12-19T17:15:25.907Z] info Database Connect
[2020-12-19T17:16:35.652Z] info Service running on port 9100
[2020-12-19T17:16:35.691Z] info Connection to redis OK
[2020-12-19T17:16:35.942Z] info Database Connect
[2020-12-19T17:19:26.987Z] info Service running on port 9100
[2020-12-19T17:19:27.023Z] info Connection to redis OK
[2020-12-19T17:19:27.585Z] info Database Connect
[2020-12-19T17:19:29.907Z] info Service running on port 9100
[2020-12-19T17:19:29.937Z] info Connection to redis OK
[2020-12-19T17:19:30.140Z] info Database Connect
[2020-12-19T17:22:06.177Z] info Service running on port 9100
[2020-12-19T17:22:06.208Z] info Connection to redis OK
[2020-12-19T17:22:06.417Z] info Database Connect
[2020-12-19T17:22:13.688Z] info Service running on port 9100
[2020-12-19T17:22:13.718Z] info Connection to redis OK
[2020-12-19T17:22:13.963Z] info Database Connect
[2020-12-19T17:22:17.533Z] info Service running on port 9100
[2020-12-19T17:22:17.562Z] info Connection to redis OK
[2020-12-19T17:22:17.779Z] info Database Connect
[2020-12-19T17:22:21.294Z] info Service running on port 9100
[2020-12-19T17:22:21.334Z] info Connection to redis OK
[2020-12-19T17:22:21.586Z] info Database Connect
[2020-12-19T17:22:23.106Z] info Service running on port 9100
[2020-12-19T17:22:23.141Z] info Connection to redis OK
[2020-12-19T17:22:23.348Z] info Database Connect
[2020-12-19T17:22:30.123Z] info Service running on port 9100
[2020-12-19T17:22:30.159Z] info Connection to redis OK
[2020-12-19T17:22:30.548Z] info Database Connect
[2020-12-19T17:22:33.060Z] info getALL masuk
[2020-12-19T17:24:27.922Z] info Service running on port 9100
[2020-12-19T17:24:27.950Z] info Connection to redis OK
[2020-12-19T17:24:28.192Z] info Database Connect
[2020-12-19T17:24:32.553Z] info Service running on port 9100
[2020-12-19T17:24:32.586Z] info Connection to redis OK
[2020-12-19T17:24:32.849Z] info Database Connect
[2020-12-19T17:24:34.955Z] info Service running on port 9100
[2020-12-19T17:24:35.019Z] info Connection to redis OK
[2020-12-19T17:24:35.335Z] info Database Connect
[2020-12-19T17:24:37.446Z] info Service running on port 9100
[2020-12-19T17:24:37.486Z] info Connection to redis OK
[2020-12-19T17:24:39.658Z] info Service running on port 9100
[2020-12-19T17:24:39.715Z] info Connection to redis OK
[2020-12-19T17:24:41.923Z] info Service running on port 9100
[2020-12-19T17:24:41.981Z] info Connection to redis OK
[2020-12-19T17:24:42.469Z] info Database Connect
[2020-12-19T17:24:44.816Z] info getALL masuk
[2020-12-19T17:25:33.558Z] info Service running on port 9100
[2020-12-19T17:25:33.588Z] info Connection to redis OK
[2020-12-19T17:25:33.833Z] info Database Connect
[2020-12-19T17:25:40.522Z] info Service running on port 9100
[2020-12-19T17:25:40.550Z] info Connection to redis OK
[2020-12-19T17:25:40.806Z] info Database Connect
[2020-12-19T17:27:26.387Z] info Service running on port 9100
[2020-12-19T17:27:26.412Z] info Connection to redis OK
[2020-12-19T17:27:26.566Z] info Database Connect
[2020-12-19T17:27:42.787Z] info getALL masuk
[2020-12-19T17:28:23.151Z] info Service running on port 9100
[2020-12-19T17:28:23.176Z] info Connection to redis OK
[2020-12-19T17:28:23.403Z] info Database Connect
[2020-12-19T17:31:16.495Z] info Service running on port 9100
[2020-12-19T17:31:16.535Z] info Connection to redis OK
[2020-12-19T17:31:16.827Z] info Database Connect
[2020-12-19T17:31:20.718Z] info Service running on port 9100
[2020-12-19T17:31:20.750Z] info Connection to redis OK
[2020-12-19T17:31:20.944Z] info Database Connect
[2020-12-19T17:36:52.398Z] info Service running on port 9100
[2020-12-19T17:36:52.424Z] info Connection to redis OK
[2020-12-19T17:36:52.761Z] info Database Connect
[2020-12-19T17:36:53.888Z] warn Error token invalid token
[2020-12-19T17:38:22.693Z] info Service running on port 9100
[2020-12-19T17:38:22.723Z] info Connection to redis OK
[2020-12-19T17:38:23.032Z] info Database Connect
[2020-12-19T17:38:31.880Z] warn Error invalid token
[2020-12-19T17:39:17.866Z] info Service running on port 9100
[2020-12-19T17:39:17.915Z] info Connection to redis OK
[2020-12-19T17:39:18.185Z] info Database Connect
[2020-12-19T17:39:41.008Z] info Service running on port 9100
[2020-12-19T17:39:41.033Z] info Connection to redis OK
[2020-12-19T17:39:41.192Z] info Database Connect
[2020-12-19T17:39:45.026Z] info Service running on port 9100
[2020-12-19T17:39:45.066Z] info Connection to redis OK
[2020-12-19T17:39:45.350Z] info Database Connect
[2020-12-19T17:39:52.074Z] info Service running on port 9100
[2020-12-19T17:39:52.112Z] info Connection to redis OK
[2020-12-19T17:39:52.279Z] info Database Connect
[2020-12-19T17:39:54.031Z] info Service running on port 9100
[2020-12-19T17:39:54.063Z] info Connection to redis OK
[2020-12-19T17:39:54.348Z] info Database Connect
[2020-12-19T17:39:57.303Z] info Service running on port 9100
[2020-12-19T17:39:57.331Z] info Connection to redis OK
[2020-12-19T17:39:57.549Z] info Database Connect
[2020-12-19T17:40:04.983Z] info Service running on port 9100
[2020-12-19T17:40:05.017Z] info Connection to redis OK
[2020-12-19T17:40:05.215Z] info Database Connect
[2020-12-19T17:40:14.817Z] info Service running on port 9100
[2020-12-19T17:40:14.850Z] info Connection to redis OK
[2020-12-19T17:40:15.164Z] info Database Connect
[2020-12-19T17:40:20.868Z] info Service running on port 9100
[2020-12-19T17:40:20.912Z] info Connection to redis OK
[2020-12-19T17:40:21.209Z] info Database Connect
[2020-12-19T17:40:44.521Z] info getALL masuk
[2020-12-19T17:41:28.437Z] info Success
[2020-12-19T17:41:48.118Z] info Service running on port 9100
[2020-12-19T17:41:48.150Z] info Connection to redis OK
[2020-12-19T17:41:48.436Z] info Database Connect
[2020-12-19T17:41:54.023Z] info Service running on port 9100
[2020-12-19T17:41:54.055Z] info Connection to redis OK
[2020-12-19T17:41:54.349Z] info Database Connect
[2020-12-19T17:41:57.098Z] info Service running on port 9100
[2020-12-19T17:41:57.133Z] info Connection to redis OK
[2020-12-19T17:41:58.927Z] info Service running on port 9100
[2020-12-19T17:41:58.980Z] info Connection to redis OK
[2020-12-19T17:41:59.235Z] info Database Connect
[2020-12-19T17:42:03.154Z] info Service running on port 9100
[2020-12-19T17:42:03.184Z] info Connection to redis OK
[2020-12-19T17:42:03.408Z] info Database Connect
[2020-12-19T17:42:15.488Z] info Service running on port 9100
[2020-12-19T17:42:15.515Z] info Connection to redis OK
[2020-12-19T17:42:15.696Z] info Database Connect
[2020-12-19T17:42:29.818Z] info Service running on port 9100
[2020-12-19T17:42:29.843Z] info Connection to redis OK
[2020-12-19T17:42:29.981Z] info Database Connect
[2020-12-19T17:42:31.135Z] warn Login dulu
[2020-12-19T17:43:09.228Z] info Service running on port 9100
[2020-12-19T17:43:09.258Z] info Connection to redis OK
[2020-12-19T17:43:09.484Z] info Database Connect
[2020-12-19T17:43:13.356Z] info Service running on port 9100
[2020-12-19T17:43:13.389Z] info Connection to redis OK
[2020-12-19T17:43:13.637Z] info Database Connect
[2020-12-19T17:43:20.764Z] info Service running on port 9100
[2020-12-19T17:43:20.810Z] info Connection to redis OK
[2020-12-19T17:43:21.306Z] info Database Connect
[2020-12-19T17:43:21.535Z] warn Login dulu
[2020-12-19T17:43:54.055Z] info Service running on port 9100
[2020-12-19T17:43:54.100Z] info Connection to redis OK
[2020-12-19T17:43:54.448Z] info Database Connect
[2020-12-19T17:44:00.893Z] warn Login dulu
[2020-12-19T17:44:22.792Z] info Service running on port 9100
[2020-12-19T17:44:22.845Z] info Connection to redis OK
[2020-12-19T17:44:23.243Z] info Database Connect
[2020-12-19T17:44:28.583Z] info Service running on port 9100
[2020-12-19T17:44:28.640Z] info Connection to redis OK
[2020-12-19T17:44:29.147Z] info Database Connect
[2020-12-19T17:44:53.578Z] info Service running on port 9100
[2020-12-19T17:44:53.603Z] info Connection to redis OK
[2020-12-19T17:44:53.795Z] info Database Connect
[2020-12-19T17:44:57.527Z] warn Error
[2020-12-19T17:45:21.329Z] info Service running on port 9100
[2020-12-19T17:45:21.394Z] info Connection to redis OK
[2020-12-19T17:45:21.784Z] info Database Connect
[2020-12-19T17:45:31.696Z] info Service running on port 9100
[2020-12-19T17:45:31.729Z] info Connection to redis OK
[2020-12-19T17:45:31.950Z] info Database Connect
[2020-12-19T17:45:34.252Z] warn Error
[2020-12-19T17:46:06.556Z] info Service running on port 9100
[2020-12-19T17:46:06.593Z] info Connection to redis OK
[2020-12-19T17:46:06.927Z] info Database Connect
[2020-12-19T17:46:15.239Z] warn Login dulu
